Arguments: 
  C:\Program Files\nodejs\node.exe C:\Users\Md-RT\AppData\Roaming\npm\node_modules\yarn\bin\yarn.js add vue3-ace-editor

PATH: 
  C:\Program Files\Git\mingw64\bin;C:\Program Files\Git\usr\bin;C:\Users\Md-RT\bin;C:\Program Files (x86)\Mail Enable\BIN;C:\Windows\system32;C:\Windows;C:\Windows\System32\Wbem;C:\Windows\System32\WindowsPowerShell\v1.0;C:\Windows\System32\OpenSSH;C:\Program Files\PuTTY;C:\Program Files\nodejs;C:\Program Files (x86)\Intel\Intel(R) Management Engine Components\DAL;C:\Program Files\Intel\Intel(R) Management Engine Components\DAL;C:\Program Files\Git\cmd;C:\Program Files (x86)\Mail Enable\BIN64;C:\Users\Md-RT\AppData\Local\Microsoft\WindowsApps;C:\Users\Md-RT\AppData\Local\Programs\Microsoft VS Code\bin;C:\Users\Md-RT\AppData\Roaming\npm

Yarn version: 
  1.22.11

Node version: 
  14.17.5

Platform: 
  win32 x64

Trace: 
  Error: EPERM: operation not permitted, unlink 'C:\Users\Md-RT\www\noteapp\node_modules\esbuild-windows-64\esbuild.exe'

npm manifest: 
  {
    "name": "noteapp",
    "version": "0.0.0",
    "scripts": {
      "dev": "vite",
      "build": "vite build",
      "serve": "vite preview"
    },
    "dependencies": {
      "@voraciousdev/vue-markdown-editor": "^0.3.1",
      "@writewithocto/vue-ink": "^0.5.2",
      "vue": "^3.2.16",
      "vue-simplemde": "^2.0.0"
    },
    "devDependencies": {
      "@vitejs/plugin-vue": "^1.9.3",
      "autoprefixer": "^10.3.7",
      "postcss": "^8.3.11",
      "tailwindcss": "^2.2.17",
      "vite": "^2.6.4"
    }
  }

yarn manifest: 
  No manifest

Lockfile: 
  No lockfile
